app/build/intermediates/manifest_merge_blame_file/debug/manifest-merger-blame-debug-report.txt
1<?xml version="1.0" encoding="utf-8"?>
2<manifest xmlns:android="http://schemas.android.com/apk/res/android"
3    package="com.project.mycashbook"
4    android:versionCode="1"
5    android:versionName="1.0" >
6
7    <uses-sdk
8        android:minSdkVersion="19"
8-->src\main\AndroidManifest.xml
9        android:targetSdkVersion="30" />
9-->src\main\AndroidManifest.xml
10
11    <application
11-->src\main\AndroidManifest.xml:5:5-36:19
12        android:allowBackup="false"
12-->src\main\AndroidManifest.xml:6:9-36
13        android:appComponentFactory="androidx.core.app.CoreComponentFactory"
13-->[androidx.core:core:1.5.0] AndroidManifest.xml:24:18-86
14        android:debuggable="true"
15        android:icon="@drawable/buku"
15-->src\main\AndroidManifest.xml:7:9-38
16        android:label="@string/app_name"
16-->src\main\AndroidManifest.xml:8:9-41
17        android:roundIcon="@drawable/buku"
17-->src\main\AndroidManifest.xml:9:9-43
18        android:supportsRtl="true"
18-->src\main\AndroidManifest.xml:10:9-35
19        android:theme="@style/Theme.MyCashBook" >
19-->src\main\AndroidManifest.xml:11:9-48
20        <activity
20-->src\main\AndroidManifest.xml:12:9-14:40
21            android:name="com.project.mycashbook.SettingActivity"
21-->src\main\AndroidManifest.xml:13:13-44
22            android:exported="false" />
22-->src\main\AndroidManifest.xml:14:13-37
23        <activity
23-->src\main\AndroidManifest.xml:15:9-17:40
24            android:name="com.project.mycashbook.DetailActivity"
24-->src\main\AndroidManifest.xml:16:13-43
25            android:exported="false" />
25-->src\main\AndroidManifest.xml:17:13-37
26        <activity
26-->src\main\AndroidManifest.xml:18:9-20:40
27            android:name="com.project.mycashbook.OutcomeActivity"
27-->src\main\AndroidManifest.xml:19:13-44
28            android:exported="false" />
28-->src\main\AndroidManifest.xml:20:13-37
29        <activity
29-->src\main\AndroidManifest.xml:21:9-23:40
30            android:name="com.project.mycashbook.IncomeActivity"
30-->src\main\AndroidManifest.xml:22:13-43
31            android:exported="false" />
31-->src\main\AndroidManifest.xml:23:13-37
32        <activity
32-->src\main\AndroidManifest.xml:24:9-26:40
33            android:name="com.project.mycashbook.MenuActivity"
33-->src\main\AndroidManifest.xml:25:13-41
34            android:exported="false" />
34-->src\main\AndroidManifest.xml:26:13-37
35        <activity
35-->src\main\AndroidManifest.xml:27:9-35:20
36            android:name="com.project.mycashbook.LoginActivity"
36-->src\main\AndroidManifest.xml:28:13-42
37            android:exported="true" >
37-->src\main\AndroidManifest.xml:29:13-36
38            <intent-filter>
38-->src\main\AndroidManifest.xml:30:13-34:29
39                <action android:name="android.intent.action.MAIN" />
39-->src\main\AndroidManifest.xml:31:17-69
39-->src\main\AndroidManifest.xml:31:25-66
40
41                <category android:name="android.intent.category.LAUNCHER" />
41-->src\main\AndroidManifest.xml:33:17-77
41-->src\main\AndroidManifest.xml:33:27-74
42            </intent-filter>
43        </activity>
44    </application>
45
46</manifest>